<?xml version="1.0" encoding="UTF-8"?>
<!-- Generated by org.testng.reporters.JUnitReportReporter -->
<testsuite skipped="0" hostname="SW000PALASH" name="parallel.ParallelRunner" tests="5" failures="0" timestamp="07 Oct 2021 08:13:23 GMT" time="94.845" errors="0">
  <testcase name="runScenario" time="15.196" classname="parallel.ParallelRunner"/>
  <testcase name="runScenario" time="21.774" classname="parallel.ParallelRunner"/>
  <testcase name="runScenario" time="14.486" classname="parallel.ParallelRunner"/>
  <testcase name="runScenario" time="21.664" classname="parallel.ParallelRunner"/>
  <testcase name="runScenario" time="21.725" classname="parallel.ParallelRunner"/>
</testsuite> <!-- parallel.ParallelRunner -->
