<?xml version="1.0" encoding="UTF-8"?>
<!-- Generated by org.testng.reporters.JUnitReportReporter -->
<testsuite skipped="0" hostname="SW000PALASH" name="parallel.ParallelRunner" tests="5" failures="0" timestamp="07 Oct 2021 08:35:51 GMT" time="117.314" errors="0">
  <testcase name="runScenario" time="18.974" classname="parallel.ParallelRunner"/>
  <testcase name="runScenario" time="19.585" classname="parallel.ParallelRunner"/>
  <testcase name="runScenario" time="26.296" classname="parallel.ParallelRunner"/>
  <testcase name="runScenario" time="26.324" classname="parallel.ParallelRunner"/>
  <testcase name="runScenario" time="26.135" classname="parallel.ParallelRunner"/>
</testsuite> <!-- parallel.ParallelRunner -->
